<?xml version="1.0" encoding="UTF-8"?>
<testng-results skipped="0" failed="0" ignored="0" total="1" passed="1">
  <reporter-output>
  </reporter-output>
  <suite name="Suite" duration-ms="8506" started-at="2019-05-01T04:32:31Z" finished-at="2019-05-01T04:32:39Z">
    <groups>
    </groups>
    <test name="Test" duration-ms="8506" started-at="2019-05-01T04:32:31Z" finished-at="2019-05-01T04:32:39Z">
      <class name="com.selenium.project.GetMyCode">
        <test-method status="PASS" signature="test_01()[pri:0, instance:com.selenium.project.GetMyCode@475530b9]" name="test_01" duration-ms="8445" started-at="2019-05-01T04:32:31Z" finished-at="2019-05-01T04:32:39Z">
          <reporter-output>
          </reporter-output>
        </test-method> <!-- test_01 -->
      </class> <!-- com.selenium.project.GetMyCode -->
    </test> <!-- Test -->
  </suite> <!-- Suite -->
</testng-results>
